make all --print-data-base --no-builtin-variables --no-builtin-rules --question
# GNU Make 3.81
# Copyright (C) 2006  Free Software Foundation, Inc.
# This is free software; see the source for copying conditions.
# There is NO warranty; not even for MERCHANTABILITY or FITNESS FOR A
# PARTICULAR PURPOSE.

# This program built for i386-apple-darwin11.3.0
 
make: *** No rule to make target `all'.  Stop.


# Make data base, printed on Wed May 25 20:01:53 2022

# Variables

# automatic
<D = $(patsubst %/,%,$(dir $<))
# automatic
?F = $(notdir $?)
# environment
ELECTRON_NO_ATTACH_CONSOLE = 1
# environment
LC_CTYPE = UTF-8
# environment
VSCODE_LOG_NATIVE = false
# automatic
?D = $(patsubst %/,%,$(dir $?))
# automatic
@D = $(patsubst %/,%,$(dir $@))
# automatic
@F = $(notdir $@)
# makefile
CURDIR := /Users/esad/Class_Workspace/CMPE230
# makefile
SHELL = /bin/sh
# environment
VSCODE_NLS_CONFIG = {"locale":"en-us","availableLanguages":{},"_languagePackSupport":true}
# environment
_ = /Library/Developer/CommandLineTools/usr/bin/make
# makefile
MAKEFILE_LIST := 
# environment
VSCODE_VERBOSE_LOGGING = true
# environment
__CFBundleIdentifier = com.microsoft.VSCode
# environment
VSCODE_IPC_HOOK_EXTHOST = /var/folders/b_/0q_qnp_52lqgk4g_dbx4kgw40000gn/T/vscode-ipc-d8e3b8f3-ad77-4b8e-beee-f420d6d2e2c1.sock
# environment
VSCODE_CWD = /Users/esad/Class_Workspace/CMPE230
# environment
PATH = /usr/local/opt/qt/bin:/Library/Developer/CommandLineTools/usr/bin:/Applications/SWI-Prolog.app/Contents/MacOS:/usr/local/sbin:/Users/esad/.pyenv/shims:/usr/local/Cellar/pyenv-virtualenv/1.1.5/shims:/Users/esad/.pyenv/bin:/Library/Java/JavaVirtualMachines/jdk-16.0.2.jdk/Contents/Home:/usr/local/bin:/usr/bin:/bin:/usr/sbin:/sbin:/usr/local/go/bin:/usr/local/MacGPG2/bin:/usr/local/share/dotnet:/opt/X11/bin:~/.dotnet/tools:/Library/Frameworks/Mono.framework/Versions/Current/Commands:/Applications/Postgres.app/Contents/Versions/latest/bin:/Users/esad/go/bin
# environment
GOPATH = /Users/esad/go
# environment
LaunchInstanceID = BC896557-E0DD-4684-A9DE-151A3738B455
# environment
VSCODE_LOG_STACK = false
# environment
ELECTRON_RUN_AS_NODE = 1
# environment
PYENV_ROOT = /Users/esad/.pyenv
# default
.FEATURES := target-specific order-only second-expansion else-if archives jobserver check-symlink
# environment
SSH_AUTH_SOCK = /private/tmp/com.apple.launchd.WePD6WZ4cd/Listeners
# automatic
%F = $(notdir $%)
# environment
DISPLAY = /private/tmp/com.apple.launchd.DzeHxx02au/org.xquartz:0
# environment
VSCODE_PIPE_LOGGING = true
# environment
PWD = /Users/esad/Class_Workspace/CMPE230
# environment
ORIGINAL_XDG_CURRENT_DESKTOP = undefined
# environment
VSCODE_AMD_ENTRYPOINT = vs/workbench/api/node/extensionHostProcess
# environment
PYENV_SHELL = bash
# environment
HOME = /Users/esad
# default
MAKEFILEPATH = $(shell /usr/bin/xcode-select -print-path 2>/dev/null || echo /Developer)/Makefiles
# environment
VSCODE_CLI = 1
# environment
VSCODE_CODE_CACHE_PATH = /Users/esad/Library/Application Support/Code/CachedData/c3511e6c69bb39013c4a4b7b9566ec1ca73fc4d5
# environment
LOGNAME = esad
# environment
APPLICATION_INSIGHTS_NO_DIAGNOSTIC_CHANNEL = 1
# environment
VSCODE_HANDLES_UNCAUGHT_ERRORS = true
# automatic
^D = $(patsubst %/,%,$(dir $^))
# environment
XPC_FLAGS = 0x0
# default
MAKE = $(MAKE_COMMAND)
# default
MAKECMDGOALS := all
# environment
SHLVL = 3
# environment
JAVA_HOME = /Library/Java/JavaVirtualMachines/jdk-16.0.2.jdk/Contents/Home
# default
MAKE_VERSION := 3.81
# environment
USER = esad
# makefile
.DEFAULT_GOAL := 
# environment
TERM_SESSION_ID = 70652FD6-73E0-4015-A071-B3BA1C499A46
# automatic
%D = $(patsubst %/,%,$(dir $%))
# default
MAKE_COMMAND := make
# environment
TERM_PROGRAM = Apple_Terminal
# default
.VARIABLES := 
# environment
TMPDIR = /var/folders/b_/0q_qnp_52lqgk4g_dbx4kgw40000gn/T/
# automatic
*F = $(notdir $*)
# environment
VSCODE_IPC_HOOK = /Users/esad/Library/Application Support/Code/1.67.2-main.sock
# makefile
MAKEFLAGS = Rrqp
# environment
MFLAGS = -Rrqp
# automatic
*D = $(patsubst %/,%,$(dir $*))
# environment
TERM_PROGRAM_VERSION = 445
# environment
XPC_SERVICE_NAME = application.com.microsoft.VSCode.34795728.34795734.8D6F8024-53A0-4D19-9B67-B3B06EBBC0A0
# automatic
+D = $(patsubst %/,%,$(dir $+))
# automatic
+F = $(notdir $+)
# environment
__CF_USER_TEXT_ENCODING = 0x1F5:0x0:0x0
# environment
COMMAND_MODE = unix2003
# default
MAKEFILES := 
# automatic
<F = $(notdir $<)
# environment
LC_ALL = C
# environment
SECURITYSESSIONID = 186a4
# automatic
^F = $(notdir $^)
# default
SUFFIXES := 
# environment
PYENV_VIRTUALENV_INIT = 1
# default
.INCLUDE_DIRS = /usr/local/include
# environment
MAKELEVEL := 0
# environment
LANG = C
# environment
TERM = xterm-256color
# environment
VSCODE_PID = 1324
# variable set hash-table stats:
# Load=77/1024=8%, Rehash=0, Collisions=1/98=1%

# Pattern-specific Variable Values

# No pattern-specific variable values.

# Directories

# . (device 16777225, inode 33287625): 9 files, no impossibilities.

# 9 files, no impossibilities in 1 directories.

# Implicit Rules

# No implicit rules.

# Files

# Not a target:
all:
#  Command-line target.
#  Implicit rule search has been done.
#  File does not exist.
#  File has not been updated.
# variable set hash-table stats:
# Load=0/32=0%, Rehash=0, Collisions=0/0=0%

# Not a target:
.SUFFIXES:
#  Implicit rule search has not been done.
#  Modification time never checked.
#  File has not been updated.

# Not a target:
Makefile:
#  A default, MAKEFILES, or -include/sinclude makefile.
#  Implicit rule search has been done.
#  File does not exist.
#  File has been updated.
#  Failed to be updated.
# variable set hash-table stats:
# Load=0/32=0%, Rehash=0, Collisions=0/0=0%

# Not a target:
makefile:
#  A default, MAKEFILES, or -include/sinclude makefile.
#  Implicit rule search has been done.
#  File does not exist.
#  File has been updated.
#  Failed to be updated.
# variable set hash-table stats:
# Load=0/32=0%, Rehash=0, Collisions=0/0=0%

# Not a target:
.DEFAULT:
#  Implicit rule search has not been done.
#  Modification time never checked.
#  File has not been updated.

# Not a target:
GNUmakefile:
#  A default, MAKEFILES, or -include/sinclude makefile.
#  Implicit rule search has been done.
#  File does not exist.
#  File has been updated.
#  Failed to be updated.
# variable set hash-table stats:
# Load=0/32=0%, Rehash=0, Collisions=0/0=0%

# files hash-table stats:
# Load=6/1024=1%, Rehash=0, Collisions=0/17=0%
# VPATH Search Paths

# No `vpath' search paths.

# No general (`VPATH' variable) search path.
 

# # of strings in strcache: 0
# # of strcache buffers: 0
# strcache size: total = 0 / max = 0 / min = 4096 / avg = 0
# strcache free: total = 0 / max = 0 / min = 4096 / avg = 0

# Finished Make data base on Wed May 25 20:01:53 2022

 
